<?xml version="1.0" encoding="UTF-8"?>
<testsuite name="com.example.movieapp.core.network.TokenAuthenticatorTest" tests="1" skipped="0" failures="0" errors="0" timestamp="2026-09-09T11:43:53.525Z" hostname="quocdu-Inspiron-5515" time="0.148">
  <properties/>
  <testcase name="refreshes only once for three concurrent unauthorized requests" classname="com.example.movieapp.core.network.TokenAuthenticatorTest" time="0.142"/>
  <system-out><![CDATA[]]></system-out>
  <system-err><![CDATA[]]></system-err>
</testsuite>
